500
0 1951 4263 4322 4447 4706 4718 4845 5044 5441 6836
1 373 375 636 812 1001 1210 1355 1434 1858 1960 3184
2 1431 1537 2220 2302 2363 2437 2842 2952 3195 3418 3433 4342
3 14 40 74 184 481 490 505 553 616 815 871 937 1051
4 75 199 845 888 896 1319 1498 1514 1584 1668 1748 1818 1872 2555 3697 4314 5962 8794 9903
5 1368 2248 2422 2829 3438 3838 3878 4124 4186 4705 5156 8140
6 708 1082 1207 1224 1292 1376 1457 1598 1626 1688 2696
7 2411 2435 2640 3846 4301 4724 4918 4978 5076
8 289 779 780 1133 1265 1450 1567 1590 1967 2061 3135 3905 5458
9 183 336 407 475 952 1071 1743 1830 1839 2129 2173 2382 2764 2779 2988
10 91 875 2103 2142 2343 2603 2605 2778 2906 2973 3007 3517 3998 5501
11 2689 3346 3909 4174 4371 4397 4490 4496 4537 4574 7053
12 2288 4332 4436 4485 4625 4640 4946 5167 5192 5281 5312 6509
13 477 728 1219 1300 2105 2638 2834 2986 3804 3827 4087 4197 4211 4249 4308 4855 8105
14 432 3057 3081 3543 4685 4947 5075 5114 5170 5609 6269
15 392 851 905 1263 1882 2276 2323 2350 2757 3560 3883 6855 8812
16 266 587 681 801 1391 1561 2004 2144 2262 2745 5029
17 2625 2835 2985 3046 3833 4002 4081 4105 4336 4465 5543 5547 5887 6980
18 367 1076 1572 4747 4880 5010 5228 5486 5579 5699 5901
19 1466 1520 1549 1887 2108 2286 2946 3026 3453 4828 6331
20 2815 3271 3681 3745 3782 3874 4133 4370 4554
21 2092 2306 3159 4011 4016 4050 4264 4310 4312 4386 4511 4658 5042 5443
22 3635 3716 4069 4187 4361 4379 4439 4471 4594 4602 4797 5396 5793
23 12 380 565 891 981 1014 1096 1102 1274 1711 3537
24 454 488 521 961 992 1328 1424 2456 3058 3185 3221 3552 3708 4176 5014 6482
25 77 202 872 1422 1684 2845 3169 3187 3385 3540 4529
26 683 1249 2176 2196 2368 2648 2690 2720 2893 2908 2917 3486 3502 3813 5230
27 3180 3421 3426 3442 3542 3601 3824 3860 5239 5810 9265
28 116 439 525 718 882 958 1777 2461 2679 3104 3152 3274 3309 3553 4180 4326 6920
29 79 268 938 1281 1418 1531 1891 2126 2234 2451 2773 2820 4020 6099
30 1142 1183 1472 4009 4316 4489 4652 4758 4786 4874 5204 5668
31 1730 1928 3302 3451 3484 3494 3661 3774 3856 3910
32 238 629 775 1708 1776 2923 2950 3875 3955 4788 5085 5094 5889 7874
33 2047 2518 2717 2727 2785 2970 4007 4021 4053 4170 4247 4469 4580 4709 4757 5065 6359
34 3828 4003 4700 4858 4935 4996 5007 5089 5223 5572 7254
35 203 282 1525 1592 1675 1754 2060 2113 2138 2170 2318 2320 5492 8043 9615
36 107 134 254 672 1042 1338 1401 2360 2491 2790 2920 3501 3526 3651 3750 6610 9160
37 4202 4242 4536 4547 4817 5220 5310 5541 5634 5692
38 152 611 1003 1045 1236 1272 1407 1536 1759 1991 2264 8922
39 244 478 573 735 885 1036 1081 1179 1315 1578 1796 2036 2069 2240 2577 6797
40 4894 4899 4961 4993 5157 5433 5454 5503 5544 5591 5597 7333
41 2869 3059 3096 3266 3315 3387 3423 3522
42 52 98 135 300 308 664 802 842 916 1043 1234 1343 1468 1611 1878 1942 2002 2182 3981
43 119 292 561 846 926 1075 1123 1201 1583 2003 2339 2407 2413 3050 7709 9848
44 1656 3322 3329 3519 3561 4327 4354 4492 4777 4875 4887 4923 4937 5145 6082 6424
45 0 92 700 725 793 1109 1524 1574 1714 2209 2235 2325 2474 2615 3160 3275 3320 5340
46 856 864 918 1085 1176 1394 1490 1556 1886 1917 2463 4616 6875
47 1209 1476 1600 1943 2284 2781 3047 3078 3150 3564 3797 4235 5655 7266
48 405 582 746 833 1087 1093 1203 1262 1325 2128 2630 4679 5775
49 28 191 348 418 571 720 870 914 1090 1220 1289 6020
50 130 259 329 372 542 609 643 1069 1485 2005 2033 2361 2464 2475 2525 2693 3597 4108 4134 6101 9023
51 626 733 1172 1295 1312 1412 1444 1672 1768 2237 2242
52 3694 3765 4303 4461 4995 5229 5252 5575
53 1298 1903 2204 2216 2219 2482 2602 3398 3525 3877 9003
54 5487 5512 5540 5589 5606 5730 5796 5812 5822 5837 6671
55 217 770 1122 1159 1416 1427 1494 1761 1880 1910 1971 4045 4824
56 274 859 1649 4259 4562 4634 4714 4716 4754 5178 7968 9533
57 82 566 1452 1627 1855 2181 2337 2391 2509 2610 2623 4959
58 4445 4794 4850 4868 4953 5000 5045 5128 5198 8235
59 1811 2496 3646 3816 3900 3947 4043 4688 4715 6141
60 564 1897 3270 3812 3848 4253 4290 4383 4735 4951 5138 5636 7361
61 83 225 581 895 1017 1092 1326 1508 1588 1616 1696 1847 6187
62 2637 2852 2871 3009 3064 4298 4426 4480 4550 4966
63 158 280 401 472 724 1382 1463 1622 2601 3784
64 3256 3987 4396 4573 4576 4813 4897 5061 5110 5216 5285 5355 5797 6285
65 169 425 1235 1239 1632 1778 1780 2213 2476 2802 3015 3079 6748
66 485 2243 2728 2747 3188 3222 3408 3413 3653 3736 3847 3897 4207 5088 5771 8685
67 15 464 473 788 967 1633 1974 2686 2847 3803 5748 7795
68 438 503 558 612 714 739 1030 1078 1164 1766 3140 6460
69 68 166 417 716 764 825 1080 1270 1386 1765 5099 6547
70 127 319 540 570 624 692 769 789 881 1302 2707
71 168 377 435 568 654 1152 1408 1577 1705 1895 2293 3089 3268 5801 5862
72 2046 2784 3605 3633 3639 3741 3773 3855 4039 7710
73 446 603 973 1221 1615 2462 2547 2940 2997 3516 3644 5064 5483 6021 7699
74 3888 4022 4135 4195 4571 4581 4600 4620 4639 6198 7669
75 2832 2941 3212 3350 3378 3448 3657 3673 3903 6067
76 84 95 403 625 974 1169 1606 1691 1757 1791 1822 1837 2239 2393 2735 2865
77 3186 3390 4648 4703 4977 4981 5032 5218 5291 5798
78 2566 2753 3030 3060 3233 3622 4146 4194 4287 4500 6537
79 2900 3726 3896 4115 4149 4569 4697 4841 4857 4982 5202 6351
80 285 489 755 955 960 1024 1056 1332 1340 1345 1364 1712 1724 1725 1852 2771 3376 5869 8830
81 1865 2397 2408 2442 2628 3017 3181 3277 3842 6467 7285
82 3094 3235 3399 3471 3590 3739 3749 4335 4795
83 3467 3550 3558 3963 4092 4304 4387 4607 4840 4920 6254
84 241 726 873 988 1147 1453 1720 1980 2338 2575 2744 3119 6258
85 548 1066 1213 2091 2455 4293 4676 4991 5116 5152 5329
86 868 2227 3388 3445 3721 3776 3851 3854 3983 4449 4692
87 219 343 385 1067 1126 1228 1320 1379 1480 1558 1589 1803 3243 5307 6044 9007
88 209 245 293 309 412 428 465 496 524 655 660 668 704 917 1465 2203 5412 6170
89 172 235 491 630 966 1411 1603 1769 1804 1940 2247 2439 4886 6054
90 3911 4139 4161 4306 4438 4563 4681 4739 4842
91 2819 3041 3972 4132 4158 4168 4192 4215 4484 6675
92 452 577 1054 1088 3099 3124 3919 4162 4358 5211 5361 7932
93 4059 4331 4682 5720 5729 5776 5792
94 462 1110 1530 2087 2937 3904 4148 4328 4381 4452 5086 5993
95 3010 3131 3208 3506 3514 3527 3589 3616 4815 7087
96 4058 4833 5087 5184 5311 5315 5343 5360 5462 5728 6802
97 569 713 758 866 928 1698 1908 2072 2178 2354 2419 2726
98 360 1057 1679 2011 2199 2359 3529 3948 4463 4477
99 97 140 214 404 426 670 804 1503 1515 1617 2155 2290 2897 3053
100 1021 2520 2831 3117 3260 3547 3705 3738 3844 3845 6817
101 120 186 634 1019 1288 1607 1775 1801 2106 2421 2427 2817 2902 4728
102 38 656 1050 1216 1284 1587 1670 1800 2163 2309 3020 3055 3325 5866 7845
103 4578 5524 5594 5599 5614 5625 5706 5738 5750
104 1488 1506 2025 2294 2429 2546 2583 2658 2759 2915 3045 3241 6250
105 73 117 137 226 257 378 434 680 760 803 1145 2345 3163 7429
106 34 78 318 534 631 843 1144 1566 1621 1629 1719 2232 2412 4967 5848 8487
107 258 554 617 894 4103 4800 4877 4896 4998 6029
108 30 160 461 695 723 890 977 1002 1025 1327 1610 1666 1901 6534 8212
109 223 517 736 2268 2480 2629 2849 3781 3802 3902 4466 5526
110 649 902 1049 1258 1460 1686 1702 2255 2304 2316 2351 2538
111 711 1255 1526 1840 1864 2230 2231 2236 2253
112 57 111 132 443 547 702 715 772 782 850 853 911 934 1271 1728 2121 2875 4352
113 33 277 1260 1439 1477 1501 1753 1783 2507 2808 2934 4928 5339
114 653 819 860 893 1154 1438 2152 2212 2627 2631 2898 3454 3675 3975 4539 5507 7762
115 2330 2396 2821 2931 3036 3524 3534 3625 3843 4546 5477 5553 6528
116 3100 3283 3577 3655 3695 3715 3817 3977 4055 4274 4418 4803 4834
117 163 228 468 707 847 990 1027 1064 1170 1184 1246 1305 1336 1354 1365 1935 4647 6458 9842
118 4323 4722 5120 5227 5321 5352 5468 5570 5608
119 1000 1155 1604 1767 1889 2074 2185 2303 2334 2375 3507 5122 7713
120 480 1006 1079 2505 2691 2796 3002 3211 3327 3370 5132 9244
121 3829 4775 5136 5484 5664 5686 5764 5774 5781
122 4375 4433 4780 4941 5102 5242 5491 5592 5633 5682 5820 5824 7077
123 304 411 740 908 1086 1304 1593 1687 2055 2942 4695 7852 8470
124 1301 2233 2598 3162 3663 3840 3876 3914 4213 4390 4444 4473 4636 4957 5245 5373 6028
125 87 552 1058 1072 1124 1571 2484 2502 2912 3103 3167 3240 3259 3568 4346 5548 7439
126 486 492 665 749 1016 1100 1143 1157 1516 1523 1547 5019
127 21 59 108 123 146 255 484 747 971 1029 1415 1454 1933 2414
128 556 2854 3257 3308 3458 3645 3666 3713 3989 4070 4269 5752 5896 9834
129 3142 3394 4056 4704 5057 5101 5163 5325 5631 5637 5680 6369 8618
130 2522 4302 4609 4866 5243 5254 5282 5334 5405 5410 5515 6630
131 7 41 69 296 637 972 975 1077 1299 1631 2526 2881 3098 3510 5063 7456
132 4049 4239 4272 4472 4587 4707 4772 4969 4994 7001
133 1308 1828 2135 3209 3425 3429 4091 4553 4611 4798 5111 5660
134 284 356 867 887 1018 2081 2238 2257 3214 3272 3495 4481 5740
135 389 786 818 1005 1277 1359 1948 2378 2866 3351 6063
136 1486 1569 1848 1927 2068 2073 2093 2111 2124 2159 3505
137 1899 2510 2706 2947 3027 3252 3301 3551 5326 5710
138 49 145 237 271 381 384 576 953 1060 1153 1539 1749 3567 8193
139 2198 2319 3412 4165 4773 5039 5070 5159 5348 5567
140 5215 5261 5268 5357 5395 5422 5464 5490 5529 9465
141 959 1269 1469 1625 2032 2372 2532 2789 3018 3238 3364 4334 5406
142 414 2786 3643 3691 3794 4044 4220 4261 4271 4731 6391
143 291 2404 2581 3342 3796 3822 4014 4019 4144 4687
144 122 1653 1701 1744 2161 2632 2846 3472 3786 3956 3967 4350 6454
145 398 855 1612 2593 3232 3407 3690 4552 4829 5027 5815
146 1674 1709 2112 2171 2613 2655 2754 2890 2895 2987 3090 3102 3149 3356 3630 4664
147 1630 4167 4288 4531 4575 4843 5350 5387 5485 5588 5693 5794 5846 9444
148 179 423 1366 1380 1734 1930 2096 2365 2399 2531 2718 2913 3023 6584 7153
149 1180 1432 1565 1669 1716 2468 2494 3153 4988 5826
150 344 1387 1410 1473 2008 2095 2528 2816 2966 2982 3004 3013 3088 3147 3417 3603
151 1108 1290 1491 1618 2380 3191 3428 3696 3850 3871 4047 4520 4645 6698
152 697 727 1586 2644 2688 2722 2830 3056 3067 4031 6400 9139
153 504 830 1094 1620 2191 2719 2741 2827 2938 3291 3401 7234
154 5465 5559 5717 5779 5814 5853 5867 5874 5886 5910 6236
155 1597 1892 1968 2084 2222 2300 3029 3174 3175 4107 4400
156 13 43 70 197 575 604 766 994 1007 1241 1307 1904 3051 4377
157 482 518 763 1323 1341 1915 2251 2285 2574 2758 2776 2958 3354 6899 9301
158 236 322 363 559 666 687 813 976 1034 1131 1141 1309 1375 1441 3869 8431
159 3164 4460 4854 5308 5390 5394 5416 5426 5514 5539 5600 9374
160 170 224 260 399 502 809 997 1041 1089 1114 1165 1478 2533 4765 8711
161 45 50 102 188 267 353 429 848 1208 1240 1243 1550 8062 8406
162 470 1825 2088 3949 4367 5320 5460 5532 5619 5871 7240
163 1894 1929 2089 2259 2423 2563 2609 2612 2742 2746 4517 4985 5902
164 2207 2279 2885 4566 4888 5092 5377 5685 5718 9013
165 213 355 614 633 821 844 999 1349 1522 2544
166 3864 4424 4451 5274 5289 5296 5300 5481 5578 5583 6214
167 5627 5809 5854 5868 5873 5877 5878 5881 5904
168 2811 3069 3082 3595 3606 3743 3819 4033 4063 4120 4121 4930 6306
169 139 206 507 620 1010 1113 1303 1640 1779 1798 1808 2460 2493 2643 3331 3700 3865 9075 9224
170 948 1356 1362 1404 1417 1789 2075 2160 2418 3042 6447
171 1022 1560 1655 1787 2826 2844 3091 3891 4062 5698
172 124 175 320 2136 2554 2932 2980 3265 3348 3444 3459 4407 9852
173 684 773 897 901 1230 1500 1509 1545 1703 2150 3703 7949 8716
174 2560 2607 2649 2673 2925 3396 3554 3596 3618 3788 4100 4402 5038 5821
175 307 784 2260 2803 3481 4040 4530 4613 4689 4749 4933 4976 5069 5123 6903
176 1541 2536 3262 3373 3562 3671 3862 4032 4111 4836 6387
177 2506 5255 5299 5430 5554 5566 5657 5681 5695 5780 7162
178 717 3674 5133 5166 5225 5265 5275 5411 5467 5511 5571 6139
179 1962 2054 2137 2356 2512 2701 2724 2756 2850 3173 3227
180 16 26 303 580 600 706 796 1146 1403 1846 3284
181 2400 2867 4198 4518 4559 4702 4871 5013 5238 5347 5375 6486
182 110 1994 2076 2793 3138 3465 3508 3615 3752 4412 4459
183 677 1215 1715 2291 2587 2804 2953 3245 4561 5471 5746
184 283 370 1211 1984 2049 2425 2470 2549 2661 2951 3040 3110 3894 4567 6134 7206
185 5518 5549 5562 5817 5843 5845 5851 5864 6149
186 311 493 679 827 1149 1162 1200 1446 1518 1542 1737 2426 2904 3074
187 963 1103 1350 4464 5084 5537 5574 5615 5628 6115
188 2134 2590 2675 3182 3569 3974 4736 5053 5143 5154 5180 5356 7105
189 4075 4365 4446 4515 4568 4582 4617 4761 7026
190 53 248 787 936 951 984 1793 2132 2270 2889 3108 3172 3269 5112
191 8 441 1266 2390 2670 2798 2992 3166 3403 3460 3500 3574 4823 6046
192 58 112 551 909 1013 1464 1794 1958 2104 2310 2513 2740 2864 3076 3355 3520 7120 8495 9931
193 263 903 996 1227 1352 1499 1602 1671 1738 1946 2014
194 2500 2608 2838 2894 2944 3025 3052 3384 3392 3437 3763 4164 4270
195 2762 3248 3261 3288 3405 3436 3609 3638 4038 4060 4118 4399 5188
196 2059 3014 3031 3321 3912 4425 4522 4589 5656 6326 7820
197 298 306 639 641 691 792 832 1023 1339 1348 1563 1781 1784 1845 2704 3533 4909
198 340 1053 1237 1310 1638 1806 1989 2256 2376 2734 3492 3499 3532
199 4671 4721 5209 5232 5362 5367 5648 5724 5790 5800 5807 5870 5989 6699
200 2164 2888 2945 3382 3582 3632 3668 3962 3997 4223 4727 5097 6827 7756
201 239 689 1068 1373 1455 2353 2420 2755 2883 3148 3318 4504
202 4856 4973 5644 5670 5763 5791 5856 5859 5863 5865 5879
203 2051 2395 3085 3127 3416 3704 3759 3964 4061 4743 4878
204 90 270 1189 1196 1471 1661 1819 2064 2591 2712 3114 3395 3476 3482 3837 5234 5457
205 2705 3455 3546 3682 3990 4065 4208 4333 4675 6611 9138
206 1799 2874 2911 3323 3608 3762 3787 3943 3953 4078 4169 4232 4787 7029
207 2794 2822 2989 3066 3393 3722 3755 4006 4355 4413 4593
208 4273 4369 4378 4448 4555 4591 4628 4779 5046 5140 5365 5584 7379
209 47 48 189 287 743 1061 1513 1581 1859 4719 6731
210 2584 2716 2928 3676 3807 3921 3985 4595 7880 8293
211 1357 2221 2342 2860 2896 3357 3367 4036 4619 5009 5095 5194
212 1595 2149 2990 3202 3512 3737 3814 4237 4266 4560 4633 4837 5288
213 2594 3966 4013 4028 4101 4608 5021 5147 5379 8907
214 4479 4585 4666 4936 5174 5258 5306 5344 5444 8841
215 1662 2539 2725 3640 4667 4911 4949 5055 5206 5408 5737 5961 8439
216 2373 2616 2772 2921 3326 3439 3493 3523 3581 3820 3925 4191
217 22 25 295 387 433 494 879 883 913 1032 1111 1130 1750 1833 1871 1979 7133 7806 8130
218 176 249 421 431 501 550 944 1107 1161 1166 1197 1344 1396 1950 2736 3602
219 2441 2582 2861 2924 3003 3008 3511 3924 4015 4299 4572 6949
220 369 613 2035 2063 2313 2381 2877 2914 2994 3688 3885 4357 7929
221 583 698 1527 3230 3363 3404 4199 4231 4468 4502 4839 4884 5048 5317 5500 5756 6178
222 261 1065 1257 1286 1820 2131 2886 3559 3720 3724 5026
223 4942 5047 5108 5224 5280 5472 5516 5595 5598 5719
224 101 379 424 645 1421 1699 1760 1851 1893 1920 1963 3146
225 1385 3935 4177 4209 4227 4376 4592 4812 4859 4932 5117 5217 5593 8248
226 99 742 1885 2266 3879 3984 4026 4670 4750 4790 4807 4808 4822 4832 7296
227 357 628 1505 1965 2926 2967 2972 3570 3907 3958 4117 5767 6074
228 4295 5104 5398 5449 5561 5622 5669 5722 5727 6100
229 157 557 619 696 1174 1276 1497 1635 1909 2017 2223 2553 6030 7575 8994
230 2167 2516 2570 2659 2723 2788 2848 2887 2930 2979 3011 3539 4057
231 2346 2405 2876 3707 4064 4509 4740 5144 5179 5301 5726 5747 8209
232 5158 5493 5542 5545 5552 5573 5613 5713 5996
233 4024 4240 4545 5257 5279 5354 5538 5585 5616 5894
234 144 316 361 543 588 924 1283 1414 6635
235 2671 2879 3397 3420 3740 3946 3988 4140 4283 4284 4289 4345
236 4693 4983 5091 5368 5442 5517 5671 5672 5684 5703 5876 7987
237 515 1252 1318 1939 2271 2314 2450 2732 3170 3276 3735 8848
238 371 1137 1206 1643 1692 1862 1953 2561 2641 2681 3863
239 448 500 1495 1690 2102 2252 2647 3440 3503 4437 5715
240 2206 2443 2445 2535 2884 2918 3693 3906 4127 4549 4720
241 1264 2471 2824 3251 3424 3587 3592 3600 3965 4297
242 2559 2936 3198 3293 3391 3446 3549 3667 3746
243 3028 4495 5260 5495 5534 5536 5751 5789 5803 5805 5893
244 3628 3684 4082 4143 4265 4427 4440 4442 4487 4584 4820 6423
245 2415 4601 4792 5037 5314 5499 5617 5704 6549
246 1040 1774 2042 2119 2183 2324 2336 3024 3126 3306 3612 5917 7629
247 31 142 232 334 539 648 1009 1194 1461 2125 2275 2537 2617 3225 5762
248 288 1493 1519 1564 1648 1718 2315 2379 4343 9197
249 3727 4338 4538 4945 5078 5098 5236 5419 5651 5711 5795 6652
250 54 506 750 858 1198 1482 1559 1900 1988 2432 7732
251 1959 2110 2880 3121 3196 3311 3599 4130 4224 6566
252 164 190 321 562 638 1139 1297 1496 1510 1533 1912 1969 2023 2180 2541 3112 3665 4188 4558 8125
253 5533 5557 5612 5630 5709 5733 5741 5743 5744 5753 5897 8484
254 72 1223 1316 1371 1384 1405 1913 2488 2540 2968 3080 3474 8116
255 178 457 498 533 1063 1217 1448 1552 1647 1727 1850 1932 2029 2175 3190 6978
256 4 1802 1827 2056 2250 2922 3071 4423 5509 6672
257 32 368 386 560 759 765 892 998 1512 1729 2157 2322 2452 5212 9129
258 3361 3544 4216 4729 4997 5290 5330 5482 5535 5621 5922
259 2761 3287 3868 3908 4048 4119 4403 4506 4717 6453
260 1437 1636 1652 1964 2000 2007 2301 2489 2635 2674 3210 3509 4662 6261
261 1 35 324 479 795 1020 1222 1322 1436 1973 2438 2444 2595 4222 9199
262 103 445 584 969 1167 1321 1504 2015 2782 3349 5875
263 4649 4734 4755 4898 5226 5378 5556 5581 5587 5603
264 1990 3719 3733 4395 4405 5090 5214 5233 5380 5674 5690
265 3247 3757 4073 4228 4818 5182 5193 5427 5440 5602 5895 6945
266 4254 4360 4776 5160 5276 5646 5679 5714 5716 5749 5785 5861 6608
267 1279 1409 1474 1905 1976 2153 2331 2490 5105 8512
268 3770 3831 4160 4768 5201 5287 5366 5420 5469 5489 5982
269 159 192 222 233 366 420 526 618 915 954 1004 1657 2085
270 2853 3934 5189 5707 5773 5819 5825 5832 5842 5888
271 194 195 326 341 1253 1987 2098 2172 2499 2588 2685 5175 6938 7736 8832
272 453 949 2001 2186 2431 2993 3086 3189 3389 3473 4280
273 2483 3669 4389 4462 4579 4655 4699 4938 5035 5058 5113 5302 5474 6061
274 252 519 690 939 1402 1502 1874 1978 2118 2226 2813 2833 3115 4752
275 1713 1758 1816 2851 2976 3571 3785 3839 4156 4252 4514 5921
276 508 1129 1287 1599 1673 3778 3832 3881 3978 4029 6376 9545
277 422 2013 3624 3922 4183 4455 4630 4696 5077 5272 6281 7088 9086
278 1435 2388 2514 2596 2684 2729 3154 3201 3410 3823
279 1817 1823 2079 2165 2201 2211 2543 2656 2665 2694 3022 3043 4311 4362 4661
280 250 273 579 591 884 1163 1645 2409 2715 3215 3263 3304 3789 4054 6621 8134 9573
281 86 351 1121 1419 2038 2552 2823 2837 2975 3250 3409 3880 4802 4912 5372
282 264 374 578 598 657 791 1031 1177 1628 1831 1875 1883 2289 3586
283 4094 5081 5332 5345 5402 5452 5666 5778 5799 6464
284 4494 4769 4879 5056 5079 5207 5213 5264 5283 5407 5421 5849 7200
285 240 661 898 989 1062 1459 1866 1919 1993 2120 2341 4641 5043
286 4023 4113 4206 4542 4588 4646 4767 4929 6075
287 106 114 121 397 509 544 572 673 1112 1330 1680 1770 4214 6967
288 3335 4544 4851 4943 4974 5183 5273 5293 5425 5436 5523 5913
289 2347 2949 3295 3686 3898 4097 4388 4454 4913 6296
290 1732 2573 2711 3000 3192 3336 3557 4083 4406 5397
291 221 878 1443 1614 1842 1923 1925 1995 2026 2114 2326 2556 2825 3944 4921 7517
292 469 549 1116 1175 1192 1521 1681 1693 1697 1863 2387 4129 6499
293 354 535 970 1400 1916 2122 2332 2417 2428 2492 3061 3731 3841
294 1575 2478 2702 3205 3359 3538 3734 4618
295 171 785 1475 1484 2041 2148 2174 2193 2214 3113 3379 5437
296 376 762 1570 1853 1970 1986 2197 2225 2348 2473 2524 2859 5783 6772 7759
297 3626 3992 4218 4300 4525 4651 4690 4919 5130 5221
298 327 2057 3234 3422 3528 3792 4557 4748 4762 4891 4956 4958 5004 5661 5872 5948
299 4475 4796 4955 5068 5135 5155 5303 5369 5384 5453 5520 5521 5607 8883
300 2398 2401 2606 2683 2806 2909 3084 3144 3296 3312 3353 3372 3535 7193
301 2550 3294 3375 3576 3723 3777 3884 3916 4738 4778 4799 5121 5318
302 105 315 993 1487 1654 2287 2311 2545 2751 3255 3498 7012 7751
303 314 1445 1947 2386 2527 3290 3464 4368 4410 4672 5735
304 27 455 593 663 730 732 794 820 921 968 1101 1118 1187 1229 1250 1528 1731 1762 2109
305 3280 4068 4200 4456 4532 4650 4678 4770 4793 4873 4890 5925 8910
306 71 129 180 234 325 563 854 985 1261 1285 1425 1736 2028 2254 2652 2892
307 1173 3556 3604 3954 4694 5391 5418 5432 5447 5980 7782
308 1420 2521 2597 3118 3334 4285 4698 4838 4934 4960 5002 5067
309 3764 3771 4225 4351 4654 4680 4831 4867 4954 4972 6332
310 2899 3095 3258 3621 3658 3662 3683 3699 3712 3772 4627 6095
311 5328 5414 5513 5823 5828 5882 5891 5892 5969
312 1128 1395 1772 4577 4623 4746 4863 5050 5051 5119 5237 5802 7085
313 1785 2034 2048 2169 2195 2217 2321 2389 2477 2576 5006
314 3754 3815 4046 4903 4927 5346 5403 5424 6771
315 3729 3767 3768 3930 3957 3959 3979 4096 4364 5838 6251
316 933 945 1035 1428 2146 2292 2660 3106 3123 3286 3579 3641 3654 3973 4337 5341
317 2667 3062 3456 3780 3931 4663 5173 5331
318 2840 2843 2935 2957 2965 2984 2999 3005 3019 5295
319 88 358 483 676 957 964 1037 1540 1639 1924 2021 2099 2392 3093 5448 7355
320 275 4708 4883 5231 5376 5506 5683 5687 5734 9008
321 24 1204 2040 2296 3229 4321 5008 5073 5172 5286 5494 5885 7204 9043
322 1814 1888 1914 2249 2278 2668 2901 3297 3748 4250 4256 4745 6790
323 658 1397 1659 2497 2777 2855 3122 3133 3341 3432 4356 5247 7519
324 161 301 781 1934 2766 2769 2948 3168 3994
325 2599 2619 2903 3001 3016 3254 3480 3591 3926 3995 4844 6270 7267
326 1392 1906 2308 2765 3239 3702 3798 3928 4286 5478 7044
327 4138 4278 4846 4892 5016 5103 5319 5439 6226
328 3063 3231 3282 4030 4189 4391 4432 4642 4853 5335 6001
329 62 66 281 330 350 487 699 719 923 1199 1370 1579 1678 2184
330 2362 2698 2971 4392 4534 4950 5210 5461 5564 5691 5696 9219
331 1278 3343 3913 3927 4072 4128 4330 4470 4533 4701 6360 7252
332 2586 2814 3109 3430 3834 3893 4102 4163 5060 5758 6545
333 946 2143 2406 3449 3580 3594 3652 3801 3918 3923 4166 4173 6687 7511
334 722 808 831 1788 2116 2229 2436 2469 2565 2600 2624 2721 2809
335 3377 4157 4196 4307 4315 4366 4384 4637 4737
336 76 196 247 520 596 597 601 768 838 1369 1442 1676 2307 2857 7055 9270
337 3463 3873 4095 4236 4325 4416 4467 4723 5017 5550 5647 5667 8663
338 18 65 80 93 162 349 415 451 511 756 797 857 865 1150 2269 2589 3584 6014
339 3220 3246 3968 4001 4669 4835 5012 5059 5082 5338 6301
340 36 151 647 731 1293 1763 1869 2154 2158 2272 2340 2465 2669 2703 2713 4341 8183
341 3489 3613 3980 4008 4090 4524 4730 5118 5995 6712
342 4415 4621 4622 4673 4861 4872 4882 4910 4939 4944 6385
343 1860 1884 1911 2551 2878 3032 3631 3938 4277 4329 4339 4409 5054 5860 6765 8498
344 9 126 131 276 364 476 776 807 1097 1156 1231 1534 1741 1961 3237 3461 3513 3521 3758 3779 4901 5248 8396
345 3659 4233 4543 4900 5066 5115 5124 5249 5386 5855
346 741 754 886 1106 1160 1244 1449 1517 1664 2739 8462
347 42 147 173 198 811 922 1132 1361 1381 2569 3468 3936
348 133 528 623 834 1048 1267 2571 2731 2905 3281 3307 3563 3809 6625
349 165 200 2349 2394 2424 2682 2760 2998 3319 3347 3366 3518 3593 5323 7481
350 595 983 1605 3469 4441 4548 4657 4659 4753 4774 4979 7147
351 128 141 218 313 391 427 513 532 602 685 757 771 798 835 1125 5880 8671
352 310 635 671 1245 1275 1334 1557 2403 2580 2738 2828 3328 9968
353 6 294 744 828 927 940 1186 1314 1873 2168 2194 2446 2564 3380 7438
354 3139 4243 4353 4488 4503 4674 4759 4811 4826 5788 5979 9483
355 4510 5712 5725 5806 5844 5858 5883 5890 6137 8528
356 185 837 906 907 1127 1608 1683 2027 2190 2277 2299 2486 2651 3101 4151
357 3929 5127 5256 5353 5450 5456 5488 5605 5650 5884
358 96 246 920 1044 1544 2370 2714 3065 3273 3961 4066 8722
359 17 416 877 1413 1641 1835 1861 2267 2305 2621 2645 5898 7413 8644
360 2954 3141 3585 4756 5197 5568 5624 5705 5770 5816 5907 6487
361 61 459 651 816 839 1489 1580 1809 1857 1922 2053 2797 2910 3092 4401
362 265 910 1256 1433 1663 1771 1829 1832 1998 2130 3073 9178
363 4125 4598 4860 5148 5162 5305 5393 5399 5560 5658
364 89 3685 3760 3793 4268 4408 4443 4638 5253 5777 9990
365 67 514 669 709 1812 2246 3634 3678 3687 3728 4260 4349 4677 5011 5126 7790
366 2697 3134 3204 3206 3216 3360 3362 3835 4324 4372 4564 4766 5072 5151 5349 6011 8068
367 1363 1689 2045 2281 2481 2836 2939 2983 3143 3226 3434
368 5364 5415 5640 5673 5694 5739 5742 5745 5766 7320
369 1792 1843 2261 2280 2384 3178 3267 4184 4246 4478 4606 5385 7210
370 29 305 450 642 1273 1306 1548 1650 1695 1723 1876 2369 2960 9467
371 2805 4782 4987 5031 5107 5146 5169 5297 5342 6347
372 4597 4612 4668 4830 4862 4889 4908 4926 5208
373 1012 1033 1039 1313 1389 1440 1601 1710 1868 2534 2929 2991 4230 4624
374 1726 2801 3340 3419 3642 3858 4204 4320 4434 5250
375 11 220 523 1346 1406 1890 2192 2467 2495 2767 2841 3244 4037 5003
376 278 1148 1383 1535 1596 1985 2485 2501 2763 2963 3381 3689 4152 4258 4404 4948 6049 9731
377 3365 3386 3400 3730 3890 3941 4085 4122 4226 7545
378 154 352 510 592 1182 1205 1451 1746 1826 2077 2139 2283 2333 4526 5033 6778
379 1015 1190 1214 1447 1529 1658 1685 1898 2071 2082 2147 2274 8491
380 242 474 942 1099 1168 1185 1193 1324 2066 2611
381 227 231 256 622 761 817 852 919 932 1532 2019 2650 2666 2774 3441 4359 5997 6986
382 2224 3867 4219 4398 4614 4711 4763 4849 4931 5278 6833
383 644 840 862 1098 1337 1423 1467 1619 1742 1821 2039 2357
384 777 849 935 1335 1707 2567 2618 2974 3083 3125 3158 3217 3545 3836 4385 5270 6785
385 177 187 393 408 413 463 495 767 836 1095 1268 1360 2127 4071 4234 5772
386 805 822 2733 3021 3044 3165 3352 3610 3623 3761 3766 3895 3986 4052 4497 4686 5645 9443
387 2677 3038 3572 4414 4604 4610 4712 4744 4789 4809 4816 4963 5005 5185 5401
388 20 60 243 253 323 331 449 527 1810 1836 2058 2962 3155 4801
389 4262 4429 4570 4783 4806 4881 5028 5298 5374 5435 5912
390 181 212 272 406 931 986 987 1956 2044 2511 3072 3236 3504 3821 9404
391 19 153 400 409 538 686 889 1028 1195 1331 1642 2117 7791
392 2783 2956 2977 3035 3037 3136 3157 3197 3279 3344 4626 6744 7179
393 338 346 694 703 745 979 1637 1694 1807 1834 1870 1977 2676 2699 2768 4971
394 2955 3825 4172 4347 4725 5271 5663 5757 5765 6053
395 182 339 365 410 430 516 646 1091 1367 1634 1660 1667 1751 2016
396 3677 4244 4267 4483 4498 4523 4583 4660 4781 4905 5030 5106 6084
397 3588 3636 4741 4810 4814 4968 4984 5071 5074 5195 5899 8920
398 2282 2295 3358 3427 3475 3969 3991 4000 4181 4185 6355 9453
399 5020 5203 5382 5400 5551 5653 5665 5675 6060 6650
400 458 678 814 824 1104 1351 1543 1722 1856 1944 2037 2050 3006 3870 5643
401 4551 4791 5186 5187 5476 5505 5565 5582 5639 5642 5731 5831
402 555 1296 1733 2529 2792 2858 3048 3253 3742 4422 4643 5109 5267 5475 7367
403 5601 5641 5782 5808 5813 5829 5833 5847 5850 9659
404 2210 2218 2258 2453 2687 3156 3179 3218 4104 5359 5451
405 1975 2205 2416 2633 2750 3161 3171 3435 3598 3637 3664 5304 6465 8145
406 5 297 659 662 693 734 738 863 925 1038 1115 1117 7997
407 965 1052 1140 1665 1682 1740 1824 2030 2086 2402 2636 3242 3795 6292
408 4248 4431 4586 4925 4989 5018 5292 5294 5701 5723 5804 5827
409 2062 3116 3199 3709 4025 4074 4076 4417 4516 4603 6982
410 2457 2654 2663 2919 2959 3431 3650 4238 6024
411 3710 4141 4804 4902 4964 4970 4975 4980 5049 5168 7899
412 1347 1390 2503 2515 2620 2662 3611 3882 3942 4499 6336
413 594 1070 1430 2140 2328 2678 2695 3033 3111 3976 4733 4784 4870
414 4713 5392 5480 5563 5620 5708 5761 5769 6073 8599
415 1458 1918 2298 2383 2410 2558 2562 3120 3292 3414 4251 4281 4313 4596 5149 5171 7049
416 23 167 347 537 541 607 1280 2639 3982 4305 4380 5129 6324
417 1226 2115 3337 3369 3565 3566 3629 4221 4241 4279 5964 9979
418 56 85 113 332 337 383 396 710 729 799 1238 1242 4340 5445 6305
419 3310 3411 4088 4142 4825 5001 5125 5981 6390 8345
420 1393 2189 2708 3457 3791 3866 3939 3960 4086 4217 4450 4691
421 1568 1949 1957 1999 2208 2433 2447 2810 2839 3049 3087 3249 4541
422 904 941 2012 2052 2530 3330 3479 3497 3648 3853 4004 4093 4126 4257 4493 4847 4893 5459
423 207 512 688 1721 1756 1907 2241 2329 2743 2812 3203 4760
424 2317 2557 3034 3345 3483 3889 3892 4123 4145 5333 5818 6550
425 4915 5689 5697 5760 5811 5830 5835 5852 5905
426 10 46 466 675 800 1311 1374 1492 1704 1849 1981 2200 2263 2366 2466
427 1982 2018 2043 2070 2187 2202 2472 2487 2504 2791 3077
428 467 930 2578 2775 2927 4906 5015 5246 5337 5527 5635 5676 6153
429 100 499 899 1119 1259 1941 2166 2245 2352 2634 3298 4527 5383 8387
430 4885 4914 4940 5137 5266 5269 5351 5463 5530 5721 5840 6413
431 3443 3805 4179 4665 4805 4876 5176 5431 5577 5626 6102
432 3725 3859 3952 4182 4318 4556 4869 4992
433 2981 3490 3536 3573 3672 3810 3933 4051 4159 4309 4635 7992
434 109 148 210 215 333 394 402 437 444 529 652 751 869 874 1546 1555 1706 2870 4035 9461
435 37 982 1591 1624 2010 2273 2335 2364 2454 2508 2749 3751 3753 6404
436 829 1983 4508 4565 4590 4917 4990 5036 5161 5434 5946 6676
437 2479 3183 3289 3578 3917 3940 4190 4683 5277
438 3130 3818 3932 4319 4656 4999 5083 5327 5370 5596 5632 6588
439 262 1136 2863 3415 3915 4116 4421 4435 4482 5142 9299
440 3478 3531 3849 3852 3999 4005 4077 4084 4112 5080
441 359 606 1074 1188 2710 3555 3614 3656 3970 4089 4348 4507 4615 7630
442 1399 1573 1926 2083 2614 2807 3339 3515 3806 5942 8332
443 362 447 608 806 1479 1646 2020 2107 2355 2770 2964 3607 3714 3783 6613 8284
444 44 115 201 342 382 390 599 682 778 826 1105 6161 6470
445 229 605 621 947 1151 1294 1952 1966 2067 6327 8307
446 55 94 125 456 1225 1248 1483 1538 1594 1945 2542 2592 3316 3799 3950 6216
447 5134 5309 5388 5389 5455 5525 5590 5611 5618 5732 5933
448 2680 2916 3054 3462 3488 3496 3711 3826 3886 4010 5519 6554
449 1936 4952 5023 5096 5190 5191 5466 5498 5510 6631
450 138 1202 1456 1462 1609 1613 1921 1992 2024 2100 2377 3303 3470
451 783 3491 4848 5141 5153 5205 5259 5263 5363 5417 5473 5604 5702 6280
452 3406 3466 3717 4710 5649 5659 5678 5688 5754 5755 5759 5768 5841
453 3 279 312 395 567 737 861 929 978 1171 1178 1233 1342 1867 6889
454 2969 3649 4110 4178 4785 5022 5139 5546 5786 5787 5839 6071 6842
455 4458 4605 4726 4764 5024 5371 5496 5522 6070
456 2672 2978 3193 4012 4154 4292 4428 4453 4476 4684 4924 6922
457 1582 1764 1773 2297 2868 2891 2995 3151 3176 3313 4294
458 208 590 2548 2800 3324 3530 3583 3617 3744 7280 7652 9930
459 1212 1378 1797 1813 1931 2787 2799 2862 2961 3207 3299 3692 5052
460 64 1138 1854 2080 2752 4114 4229 4394 4535 6196 7883 8104
461 2498 2996 3487 3670 3747 3808 4150 4193 4201 4296 4512 5502 7474
462 2031 2312 3070 3701 3861 4153 4344 4374 4528
463 143 615 962 1251 3177 3223 3769 6298
464 3993 4291 4363 4505 4521 4540 4599 4644 7289
465 1372 2133 3039 3450 4373 4852 5093 5324 5580 6895
466 1011 1059 1073 1291 2101 2162 2448 3145 3300 3371 3718 7615
467 586 589 632 1084 1191 1353 1651 1747 1790 2646 3075 3485 4027
468 4136 4205 4519 4631 4653 4827 4864 5479
469 104 497 522 900 1426 1717 1745 1877 2006 2097 2585 3137 3541 4317 6538
470 1398 1786 1795 1844 2179 2367 2385 2434 2568 2730
471 943 1135 2374 2709 5240 5358 5409 5428 5470 5638 5700 5736 5998 8343
472 39 286 530 810 1055 1134 1507 1623 1838 1954 2078 2943
473 1333 1815 2145 2344 2430 2604 2657 2700 2856 2882 3228 5177
474 81 150 204 546 1470 1755 1938 1997 2090 2177 2449 6492
475 2459 2818 3132 3194 3224 3314 3317 3548 4099 5504
476 317 471 991 1317 1576 1752 2795 3200 3368 3452 3887 4962
477 436 610 753 995 1181 1358 1735 1879 1972 2141 2188 2244 3219 3790 3830 4034 4079 9669
478 118 2327 2748 3264 3333 3619 3679 3872 4018 4106 4420 5150 5677
479 205 269 440 536 585 721 790 950 1008 1218 1388 1511 3128
480 156 752 880 1158 2065 2215 2622 2642 2933 3012 3285 3305 4245 5446 8005
481 3068 3129 4212 4895 4965 4986 5100 5241 5262 5313 5316 5429 5857 7919
482 3374 3706 4171 4629 4821 4922 5164 5181 5284 5381 5610 5629 5909 6428 9607
483 2 51 149 388 460 545 748 1047 1232 1481 1955 2519 4486 8227
484 328 1026 1247 1329 1585 1782 2151 2440 2572 2653 2664 2873 2907 3213 5322 6737
485 3447 3620 3627 3899 3901 3971 4109 4155 4275 7864
486 3660 3698 3732 3857 3951 3996 4017 4147 5251 5966 8069
487 4067 4632 4732 4751 4819 5034 5040 5062 5336 5497 6503
488 136 956 1046 1429 1739 2094 2156 2626 3097 3105 3107 3383 4282 4474 5423 8325
489 290 302 345 674 705 823 876 1120 1554 1562 2009 2022 2228 2265 5219
490 3477 3575 3680 3756 3800 4041 4175 4419 4457 4501 4771 4865 4904 4907 5992
491 4042 4513 5041 5196 5200 5244 5404 5413 5438 5508 7579
492 335 419 640 701 712 841 1551 1553 1996 2692 2737
493 230 1254 1282 1644 1805 1902 2358 2579 5025 5662 5834 5836 9107
494 174 912 2371 2517 2780 3278 3647 3775 3811 3937 3945 4131 4203 8121
495 4276 4382 4411 4916 5131 5165 5199 5222 5555 5569 5576 5652 8269
496 63 299 574 650 667 774 1083 1677 1700 1841 1881 1896 1937 2123 2458 6692 7902
497 2523 2872 3402 3920 4098 4137 4255 4393 4491 4742 7219
498 155 193 211 216 251 442 531 627 980 1377 5784
499 3332 3338 4080 4210 4430 5235 5528 5531 5558 5586 5623 5654 6022
