100
0 36 1368 505 105 4227 709 556 4040 3053 6614 8949 6779 4048 6052 129 187 243 949 2498 6045 251 176 2334 136 91 425 2594 2482 1009 3160 1725 84 451 69 4171 9517
1 0 68 244 16 81 183 3038 1996 1434 171 155 2135 724 2052 447 18 8512 2218 8629 107 2262 217 755 78 1353 2195 2473 248 120 23 313 62 69 356 709 554 138 1502
2 2883 2458 10 116 123 64 95 4859 5724 78 409 125 2683 1595 1706 9566 2062 66 57 5797 372 378 176 4241 3784 952 602 3017 228 5801 7591 356 725 797 5276
3 585 1054 4630 2360 1489 164 33 475 225 399 22 502 39 3 8444 2 271 8948 936 224 329 44 131 146 1456 906 630 1530 455 768 2696 210 6166 4148 1334 1958
4 141 2132 1863 264 218 612 1843 1623 158 1956 38 132 435 2195 39 517 27 891 1210 2706 3689 621 134 659 511 16 207 226 2098 752 3056 7687 2156 941 1679 5526 7055 3975
5 1966 2498 3699 103 59 6 1209 20 933 7497 83 3881 5197 303 89 2478 5863 8 599 4552 116 1889 44 8044 347 99 114 2 39 594 286 123 1502
6 585 1054 4630 2360 1489 164 33 475 225 399 22 502 39 3 8444 2 271 8948 936 224 329 44 131 146 1456 906 630 1530 455 768 2696 210 6166 4148 1334 138 3756 3097
7 4848 6031 55 157 5429 4752 14 1315 1590 5222 65 364 715 3548 948 590 450 318 42 1576 1296 33 3500 1100 1073 50 4362 2983 1021 19 173 903 1959 6662 1748 583 1310
8 20 2769 75 11 256 19 1345 1225 722 229 219 56 356 69 5812 94 2148 554 64 984 2960 3266 574 181 87 4152 276 904 10 9262 527 176 9085 63 767 532 487 1754 1572 3198 138 3389 583
9 11 99 82 938 0 44 177 365 656 218 2652 435 5641 951 34 2973 37 204 138 9442 6234 22 510 318 2024 6729 475 676 3559 118 2065 91 207 178 1465 859 1502 900
10 3430 3252 1361 722 37 5170 18 652 1079 68 76 132 4386 715 436 2496 6912 24 1953 118 466 662 3712 204 86 111 694 8992 460 2852 57 356 316 114 3244 1122 2848
11 0 68 244 16 81 183 3038 1996 1434 171 155 2135 724 2052 447 18 8512 2218 8629 107 2262 217 755 78 1353 2195 2883 2473 2458 123 120 69 176 126 1482 3975
12 272 1251 701 58 492 338 653 349 2128 170 807 141 1991 956 173 7593 426 259 3813 156 165 455 3 750 2688 979 33 1973 506 393 356 131 176 725 1591 5276 138 554 3756 2264
13 1156 114 23 1042 244 90 157 117 168 1948 233 1959 1438 102 3324 1677 5834 1152 1967 885 1105 422 1686 18 12 193 2664 15 4477 111 2579 40 84 112 3700 375 583 2264
14 4848 6031 55 157 5429 4752 14 1315 1590 5222 65 364 715 3548 948 590 450 318 42 1576 1296 33 3500 1100 1073 50 4362 2983 1021 19 173 903 1959 6662 1748 6604 3097 2153
15 29 1583 40 65 34 6025 3915 672 7777 1503 24 1591 796 60 5778 1340 2475 538 5731 539 510 1571 45 1017 3400 44 3488 182 3 109 669 527 110 252 199 404 1290
16 4848 6031 55 157 5429 4752 14 1315 1590 5222 65 364 715 3548 948 590 450 318 42 1576 1296 33 3500 1100 1073 50 4362 2983 1021 19 173 903 1959 6662 1748 554 3097
17 2 39 594 123 268 5893 759 4278 3 81 333 1710 3900 3274 37 7818 2202 3735 4 89 5278 8015 18 415 162 245 41 292 6797 361 69 398 3923 554 155 303 126 1502
18 272 1251 701 58 492 338 653 349 2128 170 807 141 1991 956 173 7593 426 259 3813 156 165 455 3 750 2688 979 33 1973 506 393 356 176 878 139 69
19 1119 222 50 115 86 245 8150 5990 2266 1072 981 478 205 92 337 9134 6697 315 2 187 602 815 4063 8488 1011 7387 2193 99 9768 57 134 173 20 253 23 8 138 2264 968
20 52 148 54 1290 87 2979 5154 1039 406 216 9798 712 676 117 181 7606 516 266 935 178 108 655 1005 344 9562 561 1481 597 379 336 363 9519 1168 3317 17 41 7347 927 5526 554
21 1156 114 23 1042 244 90 157 117 168 1948 233 1959 1438 102 3324 1677 5834 1152 1967 885 1105 422 1686 18 12 193 2664 15 4477 111 2579 40 84 112 3700 375 3684 138
22 180 442 78 462 389 104 205 822 6731 225 584 230 458 933 143 2045 843 354 59 97 199 100 1 1966 3009 65 2000 316 110 975 82 9425 6747 36 1805 112 14 650 3211 1310 977 1290
23 1156 114 23 1042 244 90 157 117 168 1948 233 1959 1438 102 3324 1677 5834 1152 1967 885 1105 422 1686 18 12 193 2664 15 4477 111 2579 40 84 5999 1122 2060
24 42 131 2431 2282 115 1913 2051 796 8114 799 6348 3796 87 8702 1697 118 90 128 170 632 725 5566 1591 209 719 9742 1481 2451 879 301 168 4452 117 1075 53 635 983 5276 138 2591
25 225 2546 9677 235 1293 669 280 50 211 79 9 22 1859 757 105 130 2191 25 581 254 6943 513 1126 204 2494 632 5532 224 2737 30 493 307 3262 201
26 141 2132 1863 264 218 612 1843 1623 158 0 68 244 1956 16 38 132 81 183 3038 435 2195 39 517 1996 1434 27 891 171 155 1210 2135 2706 724 621 107 583 138 1290
27 20 2769 75 11 256 19 1345 1225 722 229 219 56 356 69 5812 94 2148 554 64 984 2960 3266 574 181 87 4152 276 904 10 9262 527 176 9085 63 767 532 487 1754 2889 2591 1954 1495 1502
28 278 2882 3458 258 779 1150 279 142 131 82 1 375 226 830 1865 37 11 645 418 519 190 1663 347 42 309 275 147 34 503 1000 196 63 1506 299 900 655 197
29 4848 6031 55 157 5429 4752 14 1315 1590 5222 65 364 715 3548 948 590 450 318 42 1576 1296 33 3500 1100 1073 50 4362 2983 1021 19 173 903 1959 6662 1748 138 3097 2153
30 157 62 2385 151 16 389 115 6 8365 40 109 625 3502 1401 1332 992 1 517 9295 83 2522 1979 6450 1026 152 5792 8875 207 231 483 2048 224 9471 91 2967 914 73 1754 311 126 554 2848
31 585 1054 4630 2360 1489 164 33 475 225 278 2882 399 22 502 39 3 8444 3458 2 271 258 779 1150 8948 936 224 329 279 142 131 44 375 900 1334 1958
32 278 2882 3458 258 779 1150 279 142 131 82 1 375 226 830 1865 37 11 645 418 519 190 1663 347 42 309 275 147 34 503 1000 196 63 123 1506 3975 3244
33 6697 2 602 8488 1011 7387 57 173 25 539 5294 3790 95 133 8 940 2233 129 419 980 41 358 509 3119 3563 961 152 2444 5167 1414 4120 143 179 1216 102 166 138 155 176 6698
34 3140 131 205 322 63 1372 6755 39 395 866 156 130 31 817 126 1233 556 4659 6130 15 587 204 117 262 1446 1089 240 2469 97 37 5597 2430 4096 340 3222 927 6604 1737 1482 138 3097
35 8973 431 297 1959 472 646 148 6137 519 9957 96 66 131 3236 1752 7970 280 112 476 65 31 2239 1074 1909 5221 369 6012 72 259 1732 4164 153 471 529 316 4613 899
36 252 406 1027 21 469 172 1127 3730 2 284 49 3543 561 4051 6137 52 148 54 97 1290 16 5361 87 513 5005 2979 216 9798 712 244 676 1532 91 1388 266 178 389 583 5526 554 3110
37 4848 6031 55 157 5429 4752 14 1315 1590 5222 65 364 715 3140 131 205 322 3548 63 948 1372 590 450 6755 318 39 42 395 1576 866 1296 33 156 3500 130 817 126 1089 355 1290 1737 138 5526 3097
38 585 1054 4630 2360 1489 164 33 475 225 399 22 502 39 3 8444 2 271 8948 936 224 329 44 131 146 1456 906 630 1530 455 768 2696 210 6166 4148 1334 1958
39 272 1251 701 58 492 338 653 349 2128 170 807 141 1991 956 173 7593 426 259 3813 156 165 455 3 750 2688 979 33 1973 506 393 356 176 878 139 69
40 29 1583 40 65 34 6025 3915 672 7777 1503 24 1591 796 60 5778 1340 2475 538 5731 539 510 1571 45 1017 3400 44 3488 182 3 109 669 527 110 9593 2818 2153 7055
41 2883 2458 10 116 123 64 95 4859 5724 78 409 125 2683 1595 1706 9566 2062 66 57 5797 372 378 176 4241 3784 952 602 3017 228 5801 7591 356 797 1482 3975 1572 3244 2153
42 5154 1039 117 181 7606 516 935 108 655 344 561 597 363 9519 17 41 263 1058 71 431 96 490 92 7347 72 82 908 1729 1514 26 3790 595 4408 2228 201 4225 8 708
43 0 68 244 16 81 183 3038 1996 1434 171 155 2135 724 2052 447 18 8512 2218 8629 107 2262 217 755 78 1353 2195 2473 248 120 23 313 62 69 356 126 138 2848
44 89 5014 279 2091 11 112 1051 39 252 2951 4089 6044 54 2575 1826 121 143 2196 2014 120 725 719 650 76 1213 13 383 142 225 8 603 1106 2853 2743 351 2076 625 7624 9502 138 1290 1954 1310
45 278 2882 3458 258 779 1150 279 142 131 82 1 375 226 830 0 68 244 1865 16 81 183 3038 37 1996 1434 171 11 645 155 418 2135 519 309 900 120 138 6729 1384
46 99 47 193 8088 81 1137 4370 2665 272 102 3003 17 543 5275 443 22 2456 39 0 2477 747 19 123 414 579 88 148 6018 739 654 6005 170 12 232 970 2591 27 2513 1263
47 141 2132 1863 264 218 612 1843 1623 158 1956 38 132 435 2195 39 517 27 891 1210 2706 3689 621 134 659 511 16 207 226 2098 752 3056 7687 2156 941 1679 583 2264
48 3684 5728 2863 66 446 118 366 129 377 3692 157 4821 104 249 1371 108 2825 8616 1260 2920 90 276 41 2988 609 1653 49 6336 98 300 8326 1344 330 138 404 6604
49 8973 431 297 1959 472 646 148 6137 519 9957 96 66 131 3236 1752 7970 280 112 476 65 31 2239 1074 1909 5221 369 6012 72 259 1732 4164 153 471 529 316 4613 899 1671 1502 3097
50 3140 131 205 322 63 1372 6755 39 395 866 156 130 31 817 126 1233 556 4659 6130 15 587 204 117 262 1446 1089 240 2469 97 37 5597 2430 4096 340 3222 927 5862 1737
51 456 25 280 240 9234 8783 116 56 619 41 75 296 21 22 4705 788 4606 288 966 301 2410 38 43 112 1728 83 12 2014 32 1989 2420 4847 139 1224 135 7 2818
52 454 1601 4025 300 6514 4 6001 310 121 105 29 346 753 201 665 2190 193 3761 349 2327 5625 633 150 1361 1950 71 421 190 103 602 3 26 2088 28 19 2818 184 859 138 1954
53 0 68 244 16 81 183 3038 1996 1434 171 155 2135 724 2052 447 18 8512 2218 8629 107 2262 217 755 78 1353 2195 2473 248 120 23 313 4848 62 1315 138 6604
54 96 2684 262 1389 350 5020 284 391 1099 2212 448 9357 6438 437 452 182 723 199 1461 780 31 39 358 793 41 541 442 1272 1506 1721 204 126 404 138 2153 2848
55 278 2882 3458 258 779 1150 279 142 131 82 1 375 226 830 1865 37 11 645 418 519 190 1663 347 42 309 275 147 34 503 1000 196 63 1506 299 900 655 197
56 4848 6031 55 157 5429 4752 14 1315 1590 5222 65 364 715 3548 948 590 450 318 42 1576 1296 33 3500 1100 1073 50 4362 2983 1021 19 173 903 1959 6662 1748 5276
57 2883 2458 10 116 123 64 95 4859 5724 78 409 125 2683 1595 1706 9566 2062 66 57 5797 372 378 176 4241 3784 952 141 602 3017 228 4618 621 797 3975 3244
58 4104 5850 651 663 1378 1866 212 10 2986 4685 8076 4474 3768 97 6604 278 2619 4133 49 909 309 407 4148 57 65 246 101 396 6571 184 475 4895 1587 666 860 4596 8 688 2593 2955 138 1290
59 116 69 167 323 202 48 1011 347 203 190 9 725 8601 6408 3843 6238 2187 1429 140 1728 1264 1566 2295 2479 902 68 160 298 189 2980 229 1412 585 494 2060
60 11 99 82 938 0 44 177 365 656 218 2652 435 5641 951 34 2973 37 204 138 9442 8973 6234 431 297 22 1959 472 510 646 148 6137 519 9957 96 318 66 131 6729 7970 280 316 8450 2848 1502 4247
61 2883 2458 10 116 123 64 95 4859 5724 78 409 125 2683 1595 1706 9566 2062 66 57 5797 372 378 176 4241 3784 952 602 3017 228 5801 7591 356 797 1482 3975 1572 3244 1263
62 29 1583 40 65 34 6025 3915 672 7777 1503 24 1591 796 60 5778 1340 2475 538 5731 539 510 1571 45 1017 3400 44 3488 182 3 109 669 527 110 9593 554 7624 1310
63 585 1054 4630 2360 1489 164 33 475 225 399 22 502 39 3 8444 2 271 8948 936 224 329 44 131 146 1456 906 630 1530 455 768 2696 210 6166 4148 1334 1958
64 0 68 244 16 81 183 3038 1996 1434 171 155 2135 724 2052 447 18 8512 2218 8629 107 2262 217 755 78 1353 2195 2473 248 120 23 313 62 69 356 126 138 1290 1737
65 141 2132 1863 264 218 612 1843 1623 158 1956 38 132 435 2195 39 517 27 891 1210 2706 3689 621 134 659 511 16 207 226 2098 752 3056 7687 2156 941 1679 5526 1263
66 1156 114 23 1042 244 90 157 117 168 1948 233 1959 1438 102 3324 1677 5834 1152 1967 885 1105 422 1686 18 12 193 2664 15 4477 111 2579 40 84 112 3700 375 583 1671 3097
67 141 2132 1863 264 218 612 1843 1623 158 1956 38 132 435 2195 39 517 27 891 1210 2706 3689 621 134 659 511 16 207 226 2098 752 3056 7687 2156 941 554 1679 2060
68 0 68 244 16 81 183 3038 1996 1434 171 155 2135 724 2052 447 18 8512 2218 8629 107 2262 217 755 78 1353 2195 2473 248 120 23 313 62 69 356 126 138 7055 1310
69 762 67 23 1593 1499 200 29 427 1883 1119 388 1279 358 24 8180 528 197 81 3561 51 756 3520 6767 2177 7231 1446 258 127 1061 8004 117 160 1628 154 155 708 1671 6165
70 2883 2458 10 116 123 64 95 4859 5724 78 409 125 2683 1595 1706 9566 2062 66 57 5797 372 378 176 4241 3784 952 602 3017 228 5801 7591 356 797 1482 3975 138 6729 3244 968 1502
71 585 1054 4630 2360 1489 164 33 475 225 399 22 502 39 3 8444 2 271 8948 936 224 329 44 131 146 1456 906 630 1530 455 768 2696 210 6166 4148 1334 1958
72 0 68 244 16 81 183 3038 1996 1434 171 155 2135 724 2052 447 18 8512 2218 8629 107 2262 217 755 78 1353 2195 2473 248 120 23 313 62 69 356 126 138
73 137 9547 41 2878 54 1311 73 180 6359 65 50 4680 74 7702 29 57 33 179 19 380 410 514 268 1232 1039 1495 594 308 27 1845 5479 751 103 333 382 1562 161 236 69 138
74 157 62 2385 151 16 389 115 6 8365 40 109 625 3502 1401 1332 992 1 517 9295 83 2522 1979 6450 1026 152 5792 8875 207 231 483 2048 224 9471 91 2967 914 73 1754 311 126 554 2848
75 585 1054 4630 2360 1489 164 33 475 225 399 22 502 39 3 8444 2 271 8948 936 224 329 44 131 146 1456 906 630 1530 455 768 2696 210 6166 621 4148 5526
76 3228 455 245 3279 161 0 76 305 34 458 94 508 6 691 1342 3 6288 84 1428 683 542 437 577 3357 90 41 153 53 114 66 5805 2168 869 121 252 2060 900
77 41 8733 103 433 4138 5350 161 1130 1593 651 2657 11 173 197 134 499 2517 206 111 168 273 158 222 447 635 1407 1071 42 8466 6745 2378 3603 658 9355 0 1888 5526 554
78 1156 114 23 1042 244 90 157 117 168 1948 233 1959 1438 102 3324 1677 5834 1152 1967 885 1105 422 1686 18 42 12 131 193 2431 2664 2282 115 15 4477 111 2579 725 1591 5276
79 500 2051 72 2221 3223 132 238 37 160 1757 227 1828 229 351 1896 105 64 2987 1121 1318 9041 46 97 31 4848 307 6031 55 109 726 88 63 157 1315 138 3097
80 2883 2458 10 116 123 64 95 4859 5724 78 409 125 2683 1595 1706 9566 2062 66 57 5797 372 378 176 4241 3784 952 602 3017 228 5801 7591 356 797 1482 3975 1572 3244
81 278 2882 3458 258 779 1150 279 142 131 29 1583 82 1 375 40 226 830 65 1865 34 37 6025 3915 672 7777 1503 11 645 418 519 190 309 1591 5778 538 900 869 155 1671
82 157 62 2385 151 16 389 115 6 8365 40 109 625 3502 1401 1332 992 1 517 9295 83 2522 1979 6450 1026 152 5792 8875 207 231 483 2048 224 9471 91 2967 23 914 510 73 230 2282 184 1671
83 141 2132 1863 264 218 612 2883 1843 2458 10 116 123 1623 64 158 95 1956 4859 38 132 5724 78 435 409 125 2195 2683 39 1595 517 1706 27 1210 3975 3244
84 3140 131 205 322 63 1372 6755 39 395 866 156 130 31 817 126 1233 556 4659 6130 15 587 204 117 262 1446 1089 240 2469 97 37 5597 2430 4096 340 3222 927 583 1572 1737
85 11 99 82 938 0 44 177 365 656 218 2652 435 5641 951 34 2973 37 204 138 9442 6234 22 510 318 2024 6729 475 676 3559 118 2065 91 207 178 1465 1502 2848 1482 968
86 500 2051 72 2221 3223 132 238 37 160 1757 227 1828 229 351 1896 105 64 2987 1121 1318 9041 46 97 31 307 109 726 88 63 452 3137
87 585 1054 4630 2360 1489 164 33 475 225 399 22 502 39 3 8444 2 271 8948 936 224 329 44 131 146 1456 906 630 1530 455 768 2696 210 6166 709 176 1334 1958 3097
88 29 1583 40 65 34 6025 3915 672 7777 1503 24 1591 796 60 5778 1340 2475 538 5731 539 510 1571 45 1017 3400 44 3488 182 3 109 669 527 110 9593 583 3244
89 500 2051 72 2221 3223 132 238 37 160 1757 227 1828 229 351 1896 105 64 2987 1121 1318 9041 46 97 31 307 109 726 88 63 452 3137
90 8973 431 297 1959 472 646 148 6137 519 9957 96 66 131 3236 1752 7970 280 112 476 65 31 2239 1074 1909 5221 369 6012 72 259 1732 67 21 4164 153 471 138
91 99 47 193 8088 81 1137 4370 2665 272 102 3003 17 543 5275 443 22 2456 39 0 2477 747 19 123 414 579 88 148 6018 739 654 6005 170 12 232 970 2591 7086 3244 1502 1671
92 585 1054 4630 2360 1489 164 33 475 225 399 22 502 39 3 8444 2 271 8948 936 224 329 44 131 146 1456 906 630 1530 455 768 2696 210 6166 1583 1334 709 3097 1263
93 1156 114 23 1042 244 90 157 117 168 1948 233 1959 1438 102 3324 1677 5834 1152 1967 885 1105 422 1686 18 12 193 2664 15 4477 111 2579 40 84 112 3700 375 583 1290
94 278 2882 3458 258 779 1150 279 142 131 82 1 375 226 830 1865 37 11 645 418 519 190 1663 347 42 309 275 147 34 503 1000 196 63 1506 299 900 655 197
95 141 2132 1863 264 218 612 1843 1623 158 1956 38 132 435 2195 39 517 27 891 1210 2706 3689 621 134 659 511 16 207 226 2098 752 3056 7687 2156 941 1679 5526 2848 3975
96 96 2684 262 1389 350 5020 284 391 1099 2212 448 9357 6438 437 452 182 723 199 1461 780 31 39 358 793 41 541 442 1272 1506 1721 204 126 404 138 2818
97 29 1583 40 65 34 6025 3915 672 7777 1503 24 1591 796 60 5778 1340 2475 538 5731 539 510 1571 45 1017 3400 44 3488 182 3 109 669 527 110 9593 6102
98 278 1487 168 115 4 109 88 1658 96 5748 6400 402 934 5645 6201 1636 0 1672 9782 7243 79 277 6546 173 144 102 757 9 1736 915 3097 554 1671 1502
99 141 2132 1863 264 218 612 1843 1623 158 1956 38 132 435 2195 39 517 27 891 1210 2706 3689 621 134 659 511 1966 2498 3699 16 103 207 59 226 6 7687 303 2478 3110 138 2153 3975
